C:\Program Files\Microsoft Visual Studio\2022\Community\MSBuild\Microsoft\VC\v170\Microsoft.CppBuild.targets(517,5): warning MSB8028: The intermediate directory (x64\Release\) contains files shared from another project (GDgrapProk.vcxproj).  This can lead to incorrect clean and rebuild behavior.
  GDgrapProk.cpp
C:\Users\gabri\OneDrive\Documents\UP_docs\School\CPP projects school\GDGRAP\GDPHYSX\Dependencies\include\GD_Graphics\Framebuffer.h(42,80): warning C4244: 'argument': conversion from 'T' to 'GLsizei', possible loss of data
          with
          [
              T=float
          ]
C:\Users\gabri\OneDrive\Documents\UP_docs\School\CPP projects school\GDGRAP\GDPHYSX\Dependencies\include\GD_Graphics\Framebuffer.h(42,66): warning C4244: 'argument': conversion from 'T' to 'GLsizei', possible loss of data
          with
          [
              T=float
          ]
C:\Users\gabri\OneDrive\Documents\UP_docs\School\CPP projects school\GDGRAP\GDPHYSX\Dependencies\include\GD_Graphics\Framebuffer.h(49,97): warning C4244: 'argument': conversion from 'T' to 'GLsizei', possible loss of data
          with
          [
              T=float
          ]
C:\Users\gabri\OneDrive\Documents\UP_docs\School\CPP projects school\GDGRAP\GDPHYSX\Dependencies\include\GD_Graphics\Framebuffer.h(49,83): warning C4244: 'argument': conversion from 'T' to 'GLsizei', possible loss of data
          with
          [
              T=float
          ]
C:\Users\gabri\OneDrive\Documents\UP_docs\School\CPP projects school\GDGRAP\GDPHYSX\GDgrapProk.cpp(203,41): warning C4244: 'argument': conversion from 'double' to 'float', possible loss of data
C:\Users\gabri\OneDrive\Documents\UP_docs\School\CPP projects school\GDGRAP\GDPHYSX\GDgrapProk.cpp(208,45): warning C4244: 'argument': conversion from 'double' to 'float', possible loss of data
  Generating code
  Previous IPDB and IOBJ mismatch, fall back to full compilation.
  All 3934 functions were compiled because no usable IPDB/IOBJ from previous compilation was found.
  Finished generating code
  GDgrapProk.vcxproj -> C:\Users\gabri\OneDrive\Documents\UP_docs\School\CPP projects school\GDGRAP\GDPHYSX\x64\Release\GDPHYSX.exe
