d:\documents\github\gdgrap\gdphysx\gdphysx\x64\debug\vc143.pdb
d:\documents\github\gdgrap\gdphysx\gdphysx\x64\debug\vc143.idb
d:\documents\github\gdgrap\gdphysx\gdphysx\x64\debug\floatparameter.obj
d:\documents\github\gdgrap\gdphysx\gdphysx\x64\debug\particlesystem.obj
d:\documents\github\gdgrap\gdphysx\gdphysx\x64\debug\rod.obj
d:\documents\github\gdgrap\gdphysx\gdphysx\x64\debug\rigidobjectlink.obj
d:\documents\github\gdgrap\gdphysx\gdphysx\x64\debug\spinner.obj
d:\documents\github\gdgrap\gdphysx\gdphysx\x64\debug\chainjoint.obj
d:\documents\github\gdgrap\gdphysx\gdphysx\x64\debug\bungee.obj
d:\documents\github\gdgrap\gdphysx\gdphysx\x64\debug\forcevolume.obj
d:\documents\github\gdgrap\gdphysx\gdphysx\x64\debug\contact.obj
d:\documents\github\gdgrap\gdphysx\gdphysx\x64\debug\collider.obj
d:\documents\github\gdgrap\gdphysx\gdphysx\x64\debug\object.obj
d:\documents\github\gdgrap\gdphysx\gdphysx\x64\debug\inputplayer.obj
d:\documents\github\gdgrap\gdphysx\gdphysx\x64\debug\flyingcameracontrol.obj
d:\documents\github\gdgrap\gdphysx\gdphysx\x64\debug\controllerbase.obj
d:\documents\github\gdgrap\gdphysx\gdphysx\x64\debug\contactresolver.obj
d:\documents\github\gdgrap\gdphysx\gdphysx\x64\debug\mousescrollimplementation.obj
d:\documents\github\gdgrap\gdphysx\gdphysx\x64\debug\keypressimplementation.obj
d:\documents\github\gdgrap\gdphysx\gdphysx\x64\debug\vector2int.obj
d:\documents\github\gdgrap\gdphysx\gdphysx\x64\debug\vector2.obj
d:\documents\github\gdgrap\gdphysx\gdphysx\x64\debug\transform.obj
d:\documents\github\gdgrap\gdphysx\gdphysx\x64\debug\camera.obj
d:\documents\github\gdgrap\gdphysx\gdphysx\x64\debug\gdgrapprok.obj
d:\documents\github\gdgrap\gdphysx\gdphysx\x64\debug\guipipeline.obj
d:\documents\github\gdgrap\gdphysx\gdphysx\x64\debug\renderpipeline.obj
d:\documents\github\gdgrap\gdphysx\gdphysx\x64\debug\mesh.obj
d:\documents\github\gdgrap\gdphysx\gdphysx\x64\debug\material.obj
d:\documents\github\gdgrap\gdphysx\gdphysx\x64\debug\light.obj
d:\documents\github\gdgrap\gdphysx\gdphysx\x64\debug\drawcall.obj
d:\documents\github\gdgrap\gdphysx\gdphysx\x64\debug\time.obj
d:\documents\github\gdgrap\gdphysx\gdphysx\x64\debug\vector3.obj
d:\documents\github\gdgrap\gdphysx\gdphysx\x64\debug\root.obj
d:\documents\github\gdgrap\gdphysx\gdphysx\x64\debug\rigidobject.obj
d:\documents\github\gdgrap\gdphysx\gdphysx\x64\debug\renderobject.obj
d:\documents\github\gdgrap\gdphysx\gdphysx\x64\debug\linerenderer.obj
d:\documents\github\gdgrap\gdphysx\gdphysx\x64\debug\lightobject.obj
d:\documents\github\gdgrap\gdphysx\gdphysx\x64\debug\directionallight.obj
d:\documents\github\gdgrap\gdphysx\gdphysx\x64\debug\anchorspring.obj
d:\documents\github\gdgrap\gdphysx\gdphysx\x64\debug\particleobject.obj
d:\documents\github\gdgrap\gdphysx\gdphysx\x64\debug\physicshandler.obj
d:\documents\github\gdgrap\gdphysx\gdphysx\x64\debug\vectorparameter.obj
d:\documents\github\gdgrap\gdphysx\gdphysx\x64\debug\window.obj
d:\documents\github\gdgrap\gdphysx\gdphysx\x64\debug\texture.obj
d:\documents\github\gdgrap\gdphysx\gdphysx\x64\debug\skybox.obj
d:\documents\github\gdgrap\gdphysx\gdphysx\x64\debug\shader.obj
d:\documents\github\gdgrap\gdphysx\gdphysx\x64\debug\glad.obj
d:\documents\github\gdgrap\gdphysx\x64\debug\shaders\lit.frag
d:\documents\github\gdgrap\gdphysx\x64\debug\shaders\object.vert
d:\documents\github\gdgrap\gdphysx\x64\debug\3d\djsword.obj
d:\documents\github\gdgrap\gdphysx\x64\debug\3d\mycube.obj
d:\documents\github\gdgrap\gdphysx\x64\debug\tex\ayaya.png
d:\documents\github\gdgrap\gdphysx\x64\debug\tex\cubeacca.jpg
d:\documents\github\gdgrap\gdphysx\x64\debug\tex\skybox\uw_bk.jpg
d:\documents\github\gdgrap\gdphysx\x64\debug\tex\skybox\uw_dn.jpg
d:\documents\github\gdgrap\gdphysx\x64\debug\tex\skybox\uw_ft.jpg
d:\documents\github\gdgrap\gdphysx\x64\debug\tex\skybox\uw_lf.jpg
d:\documents\github\gdgrap\gdphysx\x64\debug\tex\skybox\uw_rt.jpg
d:\documents\github\gdgrap\gdphysx\x64\debug\tex\skybox\uw_up.jpg
d:\documents\github\gdgrap\gdphysx\x64\debug\tex\partenza.jpg
d:\documents\github\gdgrap\gdphysx\x64\debug\tex\skybox\rainbow_bk.png
d:\documents\github\gdgrap\gdphysx\x64\debug\tex\skybox\rainbow_dn.png
d:\documents\github\gdgrap\gdphysx\x64\debug\tex\skybox\rainbow_ft.png
d:\documents\github\gdgrap\gdphysx\x64\debug\tex\skybox\rainbow_lf.png
d:\documents\github\gdgrap\gdphysx\x64\debug\tex\skybox\rainbow_rt.png
d:\documents\github\gdgrap\gdphysx\x64\debug\tex\skybox\rainbow_up.png
d:\documents\github\gdgrap\gdphysx\x64\debug\shaders\skybox.frag
d:\documents\github\gdgrap\gdphysx\x64\debug\shaders\skybox.vert
d:\documents\github\gdgrap\gdphysx\x64\debug\3d\bunny.obj
d:\documents\github\gdgrap\gdphysx\x64\debug\shaders\camshader.frag
d:\documents\github\gdgrap\gdphysx\x64\debug\shaders\camshader.vert
d:\documents\github\gdgrap\gdphysx\x64\debug\shaders\depth.frag
d:\documents\github\gdgrap\gdphysx\x64\debug\3d\sphere.obj
d:\documents\github\gdgrap\gdphysx\x64\debug\shaders\unlit.frag
d:\documents\github\gdgrap\gdphysx\x64\debug\3d\plane.obj
d:\documents\github\gdgrap\gdphysx\x64\debug\gdphysx.pdb
d:\documents\github\gdgrap\gdphysx\gdphysx\x64\debug\gdphysx.tlog\cl.command.1.tlog
d:\documents\github\gdgrap\gdphysx\gdphysx\x64\debug\gdphysx.tlog\cl.read.1.tlog
d:\documents\github\gdgrap\gdphysx\gdphysx\x64\debug\gdphysx.tlog\cl.write.1.tlog
d:\documents\github\gdgrap\gdphysx\gdphysx\x64\debug\gdphysx.tlog\copyfile.command.1.tlog
d:\documents\github\gdgrap\gdphysx\gdphysx\x64\debug\gdphysx.tlog\copyfile.read.1.tlog
d:\documents\github\gdgrap\gdphysx\gdphysx\x64\debug\gdphysx.tlog\copyfile.write.1.tlog
d:\documents\github\gdgrap\gdphysx\gdphysx\x64\debug\gdphysx.tlog\link-cvtres.read.1.tlog
d:\documents\github\gdgrap\gdphysx\gdphysx\x64\debug\gdphysx.tlog\link-cvtres.write.1.tlog
d:\documents\github\gdgrap\gdphysx\gdphysx\x64\debug\gdphysx.tlog\link-rc.read.1.tlog
d:\documents\github\gdgrap\gdphysx\gdphysx\x64\debug\gdphysx.tlog\link-rc.write.1.tlog
d:\documents\github\gdgrap\gdphysx\gdphysx\x64\debug\gdphysx.tlog\link.command.1.tlog
d:\documents\github\gdgrap\gdphysx\gdphysx\x64\debug\gdphysx.tlog\link.read.1.tlog
d:\documents\github\gdgrap\gdphysx\gdphysx\x64\debug\gdphysx.tlog\link.read.2.tlog
d:\documents\github\gdgrap\gdphysx\gdphysx\x64\debug\gdphysx.tlog\link.write.1.tlog
