c:\users\gabri\onedrive\documents\up_docs\school\cpp projects school\gdgrap\gdgrapprok\x64\release\vc143.pdb
c:\users\gabri\onedrive\documents\up_docs\school\cpp projects school\gdgrap\gdgrapprok\x64\release\gdobject.obj
c:\users\gabri\onedrive\documents\up_docs\school\cpp projects school\gdgrap\gdgrapprok\x64\release\gdwindow.obj
c:\users\gabri\onedrive\documents\up_docs\school\cpp projects school\gdgrap\gdgrapprok\x64\release\gdtexture.obj
c:\users\gabri\onedrive\documents\up_docs\school\cpp projects school\gdgrap\gdgrapprok\x64\release\gdskybox.obj
c:\users\gabri\onedrive\documents\up_docs\school\cpp projects school\gdgrap\gdgrapprok\x64\release\gdshader.obj
c:\users\gabri\onedrive\documents\up_docs\school\cpp projects school\gdgrap\gdgrapprok\x64\release\gdcamera.obj
c:\users\gabri\onedrive\documents\up_docs\school\cpp projects school\gdgrap\gdgrapprok\x64\release\gdgrapprok.obj
c:\users\gabri\onedrive\documents\up_docs\school\cpp projects school\gdgrap\gdgrapprok\x64\release\glad.obj
c:\users\gabri\onedrive\documents\up_docs\school\cpp projects school\gdgrap\gdgrapprok\x64\release\shaders\lit.frag
c:\users\gabri\onedrive\documents\up_docs\school\cpp projects school\gdgrap\gdgrapprok\x64\release\shaders\object.vert
c:\users\gabri\onedrive\documents\up_docs\school\cpp projects school\gdgrap\gdgrapprok\x64\release\3d\djsword.obj
c:\users\gabri\onedrive\documents\up_docs\school\cpp projects school\gdgrap\gdgrapprok\x64\release\3d\mycube.obj
c:\users\gabri\onedrive\documents\up_docs\school\cpp projects school\gdgrap\gdgrapprok\x64\release\tex\skybox\uw_bk.jpg
c:\users\gabri\onedrive\documents\up_docs\school\cpp projects school\gdgrap\gdgrapprok\x64\release\tex\skybox\uw_dn.jpg
c:\users\gabri\onedrive\documents\up_docs\school\cpp projects school\gdgrap\gdgrapprok\x64\release\tex\skybox\uw_ft.jpg
c:\users\gabri\onedrive\documents\up_docs\school\cpp projects school\gdgrap\gdgrapprok\x64\release\tex\skybox\uw_lf.jpg
c:\users\gabri\onedrive\documents\up_docs\school\cpp projects school\gdgrap\gdgrapprok\x64\release\tex\skybox\uw_rt.jpg
c:\users\gabri\onedrive\documents\up_docs\school\cpp projects school\gdgrap\gdgrapprok\x64\release\tex\skybox\uw_up.jpg
c:\users\gabri\onedrive\documents\up_docs\school\cpp projects school\gdgrap\gdgrapprok\x64\release\tex\sub1\diff.png
c:\users\gabri\onedrive\documents\up_docs\school\cpp projects school\gdgrap\gdgrapprok\x64\release\tex\sub1\norm.png
c:\users\gabri\onedrive\documents\up_docs\school\cpp projects school\gdgrap\gdgrapprok\x64\release\tex\sub2\diff.jpg
c:\users\gabri\onedrive\documents\up_docs\school\cpp projects school\gdgrap\gdgrapprok\x64\release\tex\sub2\norm.png
c:\users\gabri\onedrive\documents\up_docs\school\cpp projects school\gdgrap\gdgrapprok\x64\release\tex\sub3\norm.png
c:\users\gabri\onedrive\documents\up_docs\school\cpp projects school\gdgrap\gdgrapprok\x64\release\tex\sub3\diff.png
c:\users\gabri\onedrive\documents\up_docs\school\cpp projects school\gdgrap\gdgrapprok\x64\release\tex\sub4\diff.jpg
c:\users\gabri\onedrive\documents\up_docs\school\cpp projects school\gdgrap\gdgrapprok\x64\release\tex\sub4\norm.jpg
c:\users\gabri\onedrive\documents\up_docs\school\cpp projects school\gdgrap\gdgrapprok\x64\release\tex\sub5\diff.png
c:\users\gabri\onedrive\documents\up_docs\school\cpp projects school\gdgrap\gdgrapprok\x64\release\tex\sub6\diff.png
c:\users\gabri\onedrive\documents\up_docs\school\cpp projects school\gdgrap\gdgrapprok\x64\release\tex\sub6\norm.png
c:\users\gabri\onedrive\documents\up_docs\school\cpp projects school\gdgrap\gdgrapprok\x64\release\tex\sub7\diff.png
c:\users\gabri\onedrive\documents\up_docs\school\cpp projects school\gdgrap\gdgrapprok\x64\release\tex\sub7\gloss.png
c:\users\gabri\onedrive\documents\up_docs\school\cpp projects school\gdgrap\gdgrapprok\x64\release\tex\sub7\norm.png
c:\users\gabri\onedrive\documents\up_docs\school\cpp projects school\gdgrap\gdgrapprok\x64\release\tex\skybox\rainbow_bk.png
c:\users\gabri\onedrive\documents\up_docs\school\cpp projects school\gdgrap\gdgrapprok\x64\release\tex\skybox\rainbow_dn.png
c:\users\gabri\onedrive\documents\up_docs\school\cpp projects school\gdgrap\gdgrapprok\x64\release\tex\skybox\rainbow_ft.png
c:\users\gabri\onedrive\documents\up_docs\school\cpp projects school\gdgrap\gdgrapprok\x64\release\tex\skybox\rainbow_lf.png
c:\users\gabri\onedrive\documents\up_docs\school\cpp projects school\gdgrap\gdgrapprok\x64\release\tex\skybox\rainbow_rt.png
c:\users\gabri\onedrive\documents\up_docs\school\cpp projects school\gdgrap\gdgrapprok\x64\release\tex\skybox\rainbow_up.png
c:\users\gabri\onedrive\documents\up_docs\school\cpp projects school\gdgrap\gdgrapprok\x64\release\shaders\skybox.frag
c:\users\gabri\onedrive\documents\up_docs\school\cpp projects school\gdgrap\gdgrapprok\x64\release\shaders\skybox.vert
c:\users\gabri\onedrive\documents\up_docs\school\cpp projects school\gdgrap\gdgrapprok\x64\release\3d\quiz.obj
c:\users\gabri\onedrive\documents\up_docs\school\cpp projects school\gdgrap\gdgrapprok\x64\release\3d\bunny.obj
c:\users\gabri\onedrive\documents\up_docs\school\cpp projects school\gdgrap\gdgrapprok\x64\release\3d\sub1.obj
c:\users\gabri\onedrive\documents\up_docs\school\cpp projects school\gdgrap\gdgrapprok\x64\release\3d\sub2.obj
c:\users\gabri\onedrive\documents\up_docs\school\cpp projects school\gdgrap\gdgrapprok\x64\release\3d\sub3.obj
c:\users\gabri\onedrive\documents\up_docs\school\cpp projects school\gdgrap\gdgrapprok\x64\release\3d\sub4.obj
c:\users\gabri\onedrive\documents\up_docs\school\cpp projects school\gdgrap\gdgrapprok\x64\release\3d\sub5.obj
c:\users\gabri\onedrive\documents\up_docs\school\cpp projects school\gdgrap\gdgrapprok\x64\release\3d\sub6.obj
c:\users\gabri\onedrive\documents\up_docs\school\cpp projects school\gdgrap\gdgrapprok\x64\release\3d\sub7.obj
c:\users\gabri\onedrive\documents\up_docs\school\cpp projects school\gdgrap\gdgrapprok\x64\release\shaders\camshader.frag
c:\users\gabri\onedrive\documents\up_docs\school\cpp projects school\gdgrap\gdgrapprok\x64\release\shaders\camshader.vert
c:\users\gabri\onedrive\documents\up_docs\school\cpp projects school\gdgrap\gdgrapprok\x64\release\shaders\depth.frag
c:\users\gabri\onedrive\documents\up_docs\school\cpp projects school\gdgrap\gdgrapprok\x64\release\gdgrapprok.ipdb
c:\users\gabri\onedrive\documents\up_docs\school\cpp projects school\gdgrap\gdgrapprok\x64\release\gdgrapprok.iobj
c:\users\gabri\onedrive\documents\up_docs\school\cpp projects school\gdgrap\gdgrapprok\x64\release\gdgrapprok.exe
c:\users\gabri\onedrive\documents\up_docs\school\cpp projects school\gdgrap\gdgrapprok\x64\release\gdgrapprok.pdb
c:\users\gabri\onedrive\documents\up_docs\school\cpp projects school\gdgrap\gdgrapprok\x64\release\gdgrapprok.tlog\cl.command.1.tlog
c:\users\gabri\onedrive\documents\up_docs\school\cpp projects school\gdgrap\gdgrapprok\x64\release\gdgrapprok.tlog\cl.read.1.tlog
c:\users\gabri\onedrive\documents\up_docs\school\cpp projects school\gdgrap\gdgrapprok\x64\release\gdgrapprok.tlog\cl.write.1.tlog
c:\users\gabri\onedrive\documents\up_docs\school\cpp projects school\gdgrap\gdgrapprok\x64\release\gdgrapprok.tlog\copyfile.command.1.tlog
c:\users\gabri\onedrive\documents\up_docs\school\cpp projects school\gdgrap\gdgrapprok\x64\release\gdgrapprok.tlog\copyfile.read.1.tlog
c:\users\gabri\onedrive\documents\up_docs\school\cpp projects school\gdgrap\gdgrapprok\x64\release\gdgrapprok.tlog\copyfile.write.1.tlog
c:\users\gabri\onedrive\documents\up_docs\school\cpp projects school\gdgrap\gdgrapprok\x64\release\gdgrapprok.tlog\link.command.1.tlog
c:\users\gabri\onedrive\documents\up_docs\school\cpp projects school\gdgrap\gdgrapprok\x64\release\gdgrapprok.tlog\link.read.1.tlog
c:\users\gabri\onedrive\documents\up_docs\school\cpp projects school\gdgrap\gdgrapprok\x64\release\gdgrapprok.tlog\link.write.1.tlog
c:\users\gabri\onedrive\documents\up_docs\school\cpp projects school\gdgrap\gdgrapprok\x64\release\gdgrapprok.tlog\link.write.2u.tlog
