c:\users\gabri\onedrive\documents\up_docs\school\cpp projects school\gdgrap\gdgrapprok\x64\release\vc143.pdb
c:\users\gabri\onedrive\documents\up_docs\school\cpp projects school\gdgrap\gdgrapprok\x64\release\gdgrapprok.obj
c:\users\gabri\onedrive\documents\up_docs\school\cpp projects school\gdgrap\gdgrapprok\x64\release\glad.obj
c:\users\gabri\onedrive\documents\up_docs\school\cpp projects school\gdgrap\gdgrapprok\x64\release\shaders\sample.frag
c:\users\gabri\onedrive\documents\up_docs\school\cpp projects school\gdgrap\gdgrapprok\x64\release\shaders\sample.vert
c:\users\gabri\onedrive\documents\up_docs\school\cpp projects school\gdgrap\gdgrapprok\x64\release\djsword.obj
c:\users\gabri\onedrive\documents\up_docs\school\cpp projects school\gdgrap\gdgrapprok\x64\release\mycube.obj
c:\users\gabri\onedrive\documents\up_docs\school\cpp projects school\gdgrap\gdgrapprok\x64\release\ayaya.png
c:\users\gabri\onedrive\documents\up_docs\school\cpp projects school\gdgrap\gdgrapprok\x64\release\cubeacca.jpg
c:\users\gabri\onedrive\documents\up_docs\school\cpp projects school\gdgrap\gdgrapprok\x64\release\partenza.jpg
c:\users\gabri\onedrive\documents\up_docs\school\cpp projects school\gdgrap\gdgrapprok\x64\release\gdgrapprok.exe
c:\users\gabri\onedrive\documents\up_docs\school\cpp projects school\gdgrap\gdgrapprok\x64\release\gdgrapprok.pdb
c:\users\gabri\onedrive\documents\up_docs\school\cpp projects school\gdgrap\gdgrapprok\x64\release\gdgrapprok.ipdb
c:\users\gabri\onedrive\documents\up_docs\school\cpp projects school\gdgrap\gdgrapprok\x64\release\gdgrapprok.iobj
c:\users\gabri\onedrive\documents\up_docs\school\cpp projects school\gdgrap\gdgrapprok\x64\release\gdgrapprok.tlog\cl.command.1.tlog
c:\users\gabri\onedrive\documents\up_docs\school\cpp projects school\gdgrap\gdgrapprok\x64\release\gdgrapprok.tlog\cl.read.1.tlog
c:\users\gabri\onedrive\documents\up_docs\school\cpp projects school\gdgrap\gdgrapprok\x64\release\gdgrapprok.tlog\cl.write.1.tlog
c:\users\gabri\onedrive\documents\up_docs\school\cpp projects school\gdgrap\gdgrapprok\x64\release\gdgrapprok.tlog\copyfile.command.1.tlog
c:\users\gabri\onedrive\documents\up_docs\school\cpp projects school\gdgrap\gdgrapprok\x64\release\gdgrapprok.tlog\copyfile.read.1.tlog
c:\users\gabri\onedrive\documents\up_docs\school\cpp projects school\gdgrap\gdgrapprok\x64\release\gdgrapprok.tlog\copyfile.write.1.tlog
c:\users\gabri\onedrive\documents\up_docs\school\cpp projects school\gdgrap\gdgrapprok\x64\release\gdgrapprok.tlog\link.command.1.tlog
c:\users\gabri\onedrive\documents\up_docs\school\cpp projects school\gdgrap\gdgrapprok\x64\release\gdgrapprok.tlog\link.read.1.tlog
c:\users\gabri\onedrive\documents\up_docs\school\cpp projects school\gdgrap\gdgrapprok\x64\release\gdgrapprok.tlog\link.write.1.tlog
c:\users\gabri\onedrive\documents\up_docs\school\cpp projects school\gdgrap\gdgrapprok\x64\release\gdgrapprok.tlog\link.write.2u.tlog
