c:\users\gabri\onedrive\documents\up_docs\school\cpp projects school\gdgrap\gdgrapprok\x64\debug\vc143.pdb
c:\users\gabri\onedrive\documents\up_docs\school\cpp projects school\gdgrap\gdgrapprok\x64\debug\vc143.idb
c:\users\gabri\onedrive\documents\up_docs\school\cpp projects school\gdgrap\gdgrapprok\x64\debug\glad.obj
c:\users\gabri\onedrive\documents\up_docs\school\cpp projects school\gdgrap\gdgrapprok\x64\debug\gdgrapprok.obj
c:\users\gabri\onedrive\documents\up_docs\school\cpp projects school\gdgrap\gdgrapprok\x64\debug\gdtexture.obj
c:\users\gabri\onedrive\documents\up_docs\school\cpp projects school\gdgrap\gdgrapprok\x64\debug\gdskybox.obj
c:\users\gabri\onedrive\documents\up_docs\school\cpp projects school\gdgrap\gdgrapprok\x64\debug\gdobject.obj
c:\users\gabri\onedrive\documents\up_docs\school\cpp projects school\gdgrap\gdgrapprok\x64\debug\gdutil.obj
c:\users\gabri\onedrive\documents\up_docs\school\cpp projects school\gdgrap\gdgrapprok\x64\debug\gdwindow.obj
c:\users\gabri\onedrive\documents\up_docs\school\cpp projects school\gdgrap\gdgrapprok\x64\debug\gdshader.obj
c:\users\gabri\onedrive\documents\up_docs\school\cpp projects school\gdgrap\gdgrapprok\x64\debug\shaders\lit.frag
c:\users\gabri\onedrive\documents\up_docs\school\cpp projects school\gdgrap\gdgrapprok\x64\debug\shaders\lit.vert
c:\users\gabri\onedrive\documents\up_docs\school\cpp projects school\gdgrap\gdgrapprok\x64\debug\3d\djsword.obj
c:\users\gabri\onedrive\documents\up_docs\school\cpp projects school\gdgrap\gdgrapprok\x64\debug\3d\mycube.obj
c:\users\gabri\onedrive\documents\up_docs\school\cpp projects school\gdgrap\gdgrapprok\x64\debug\tex\skybox\rainbow_bk.png
c:\users\gabri\onedrive\documents\up_docs\school\cpp projects school\gdgrap\gdgrapprok\x64\debug\tex\skybox\rainbow_dn.png
c:\users\gabri\onedrive\documents\up_docs\school\cpp projects school\gdgrap\gdgrapprok\x64\debug\tex\skybox\rainbow_ft.png
c:\users\gabri\onedrive\documents\up_docs\school\cpp projects school\gdgrap\gdgrapprok\x64\debug\tex\skybox\rainbow_lf.png
c:\users\gabri\onedrive\documents\up_docs\school\cpp projects school\gdgrap\gdgrapprok\x64\debug\tex\skybox\rainbow_rt.png
c:\users\gabri\onedrive\documents\up_docs\school\cpp projects school\gdgrap\gdgrapprok\x64\debug\tex\skybox\rainbow_up.png
c:\users\gabri\onedrive\documents\up_docs\school\cpp projects school\gdgrap\gdgrapprok\x64\debug\shaders\skybox.frag
c:\users\gabri\onedrive\documents\up_docs\school\cpp projects school\gdgrap\gdgrapprok\x64\debug\shaders\skybox.vert
c:\users\gabri\onedrive\documents\up_docs\school\cpp projects school\gdgrap\gdgrapprok\x64\debug\3d\quiz.obj
c:\users\gabri\onedrive\documents\up_docs\school\cpp projects school\gdgrap\gdgrapprok\x64\debug\3d\bunny.obj
c:\users\gabri\onedrive\documents\up_docs\school\cpp projects school\gdgrap\gdgrapprok\x64\debug\3d\sub1.obj
c:\users\gabri\onedrive\documents\up_docs\school\cpp projects school\gdgrap\gdgrapprok\x64\debug\3d\sub2.obj
c:\users\gabri\onedrive\documents\up_docs\school\cpp projects school\gdgrap\gdgrapprok\x64\debug\3d\sub3.obj
c:\users\gabri\onedrive\documents\up_docs\school\cpp projects school\gdgrap\gdgrapprok\x64\debug\3d\sub4.obj
c:\users\gabri\onedrive\documents\up_docs\school\cpp projects school\gdgrap\gdgrapprok\x64\debug\3d\sub5.obj
c:\users\gabri\onedrive\documents\up_docs\school\cpp projects school\gdgrap\gdgrapprok\x64\debug\3d\sub6.obj
c:\users\gabri\onedrive\documents\up_docs\school\cpp projects school\gdgrap\gdgrapprok\x64\debug\3d\sub7.obj
c:\users\gabri\onedrive\documents\up_docs\school\cpp projects school\gdgrap\gdgrapprok\x64\debug\shaders\camshader.frag
c:\users\gabri\onedrive\documents\up_docs\school\cpp projects school\gdgrap\gdgrapprok\x64\debug\shaders\camshader.vert
c:\users\gabri\onedrive\documents\up_docs\school\cpp projects school\gdgrap\gdgrapprok\x64\debug\gdgrapprok.exe
c:\users\gabri\onedrive\documents\up_docs\school\cpp projects school\gdgrap\gdgrapprok\x64\debug\gdgrapprok.ilk
c:\users\gabri\onedrive\documents\up_docs\school\cpp projects school\gdgrap\gdgrapprok\x64\debug\gdgrapprok.pdb
c:\users\gabri\onedrive\documents\up_docs\school\cpp projects school\gdgrap\gdgrapprok\x64\debug\gdcamera.obj
c:\users\gabri\onedrive\documents\up_docs\school\cpp projects school\gdgrap\gdgrapprok\x64\debug\gdgrapprok.tlog\cl.command.1.tlog
c:\users\gabri\onedrive\documents\up_docs\school\cpp projects school\gdgrap\gdgrapprok\x64\debug\gdgrapprok.tlog\cl.read.1.tlog
c:\users\gabri\onedrive\documents\up_docs\school\cpp projects school\gdgrap\gdgrapprok\x64\debug\gdgrapprok.tlog\cl.write.1.tlog
c:\users\gabri\onedrive\documents\up_docs\school\cpp projects school\gdgrap\gdgrapprok\x64\debug\gdgrapprok.tlog\copyfile.command.1.tlog
c:\users\gabri\onedrive\documents\up_docs\school\cpp projects school\gdgrap\gdgrapprok\x64\debug\gdgrapprok.tlog\copyfile.read.1.tlog
c:\users\gabri\onedrive\documents\up_docs\school\cpp projects school\gdgrap\gdgrapprok\x64\debug\gdgrapprok.tlog\copyfile.write.1.tlog
c:\users\gabri\onedrive\documents\up_docs\school\cpp projects school\gdgrap\gdgrapprok\x64\debug\gdgrapprok.tlog\link.command.1.tlog
c:\users\gabri\onedrive\documents\up_docs\school\cpp projects school\gdgrap\gdgrapprok\x64\debug\gdgrapprok.tlog\link.read.1.tlog
c:\users\gabri\onedrive\documents\up_docs\school\cpp projects school\gdgrap\gdgrapprok\x64\debug\gdgrapprok.tlog\link.write.1.tlog
