c:\users\gabri\onedrive\documents\up_docs\school\cpp projects school\gdgrap\gdphysx\x64\release\vc143.pdb
c:\users\gabri\onedrive\documents\up_docs\school\cpp projects school\gdgrap\gdphysx\x64\release\particlesystem.obj
c:\users\gabri\onedrive\documents\up_docs\school\cpp projects school\gdgrap\gdphysx\x64\release\rod.obj
c:\users\gabri\onedrive\documents\up_docs\school\cpp projects school\gdgrap\gdphysx\x64\release\rigidobjectlink.obj
c:\users\gabri\onedrive\documents\up_docs\school\cpp projects school\gdgrap\gdphysx\x64\release\chainjoint.obj
c:\users\gabri\onedrive\documents\up_docs\school\cpp projects school\gdgrap\gdphysx\x64\release\bungee.obj
c:\users\gabri\onedrive\documents\up_docs\school\cpp projects school\gdgrap\gdphysx\x64\release\forcevolume.obj
c:\users\gabri\onedrive\documents\up_docs\school\cpp projects school\gdgrap\gdphysx\x64\release\contact.obj
c:\users\gabri\onedrive\documents\up_docs\school\cpp projects school\gdgrap\gdphysx\x64\release\collider.obj
c:\users\gabri\onedrive\documents\up_docs\school\cpp projects school\gdgrap\gdphysx\x64\release\object.obj
c:\users\gabri\onedrive\documents\up_docs\school\cpp projects school\gdgrap\gdphysx\x64\release\spacebarpauser.obj
c:\users\gabri\onedrive\documents\up_docs\school\cpp projects school\gdgrap\gdphysx\x64\release\spacebarhitter.obj
c:\users\gabri\onedrive\documents\up_docs\school\cpp projects school\gdgrap\gdphysx\x64\release\orbitalcontrol.obj
c:\users\gabri\onedrive\documents\up_docs\school\cpp projects school\gdgrap\gdphysx\x64\release\inputplayer.obj
c:\users\gabri\onedrive\documents\up_docs\school\cpp projects school\gdgrap\gdphysx\x64\release\variableswitcher.obj
c:\users\gabri\onedrive\documents\up_docs\school\cpp projects school\gdgrap\gdphysx\x64\release\contactresolver.obj
c:\users\gabri\onedrive\documents\up_docs\school\cpp projects school\gdgrap\gdphysx\x64\release\wasddeltaimplementation.obj
c:\users\gabri\onedrive\documents\up_docs\school\cpp projects school\gdgrap\gdphysx\x64\release\mouserightdragimplementation.obj
c:\users\gabri\onedrive\documents\up_docs\school\cpp projects school\gdgrap\gdphysx\x64\release\keypressimplementation.obj
c:\users\gabri\onedrive\documents\up_docs\school\cpp projects school\gdgrap\gdphysx\x64\release\vector2.obj
c:\users\gabri\onedrive\documents\up_docs\school\cpp projects school\gdgrap\gdphysx\x64\release\transform.obj
c:\users\gabri\onedrive\documents\up_docs\school\cpp projects school\gdgrap\gdphysx\x64\release\camera.obj
c:\users\gabri\onedrive\documents\up_docs\school\cpp projects school\gdgrap\gdphysx\x64\release\gdgrapprok.obj
c:\users\gabri\onedrive\documents\up_docs\school\cpp projects school\gdgrap\gdphysx\x64\release\renderpipeline.obj
c:\users\gabri\onedrive\documents\up_docs\school\cpp projects school\gdgrap\gdphysx\x64\release\mesh.obj
c:\users\gabri\onedrive\documents\up_docs\school\cpp projects school\gdgrap\gdphysx\x64\release\material.obj
c:\users\gabri\onedrive\documents\up_docs\school\cpp projects school\gdgrap\gdphysx\x64\release\light.obj
c:\users\gabri\onedrive\documents\up_docs\school\cpp projects school\gdgrap\gdphysx\x64\release\drawcall.obj
c:\users\gabri\onedrive\documents\up_docs\school\cpp projects school\gdgrap\gdphysx\x64\release\vector3.obj
c:\users\gabri\onedrive\documents\up_docs\school\cpp projects school\gdgrap\gdphysx\x64\release\time.obj
c:\users\gabri\onedrive\documents\up_docs\school\cpp projects school\gdgrap\gdphysx\x64\release\root.obj
c:\users\gabri\onedrive\documents\up_docs\school\cpp projects school\gdgrap\gdphysx\x64\release\rigidobject.obj
c:\users\gabri\onedrive\documents\up_docs\school\cpp projects school\gdgrap\gdphysx\x64\release\renderobject.obj
c:\users\gabri\onedrive\documents\up_docs\school\cpp projects school\gdgrap\gdphysx\x64\release\linerenderer.obj
c:\users\gabri\onedrive\documents\up_docs\school\cpp projects school\gdgrap\gdphysx\x64\release\lightobject.obj
c:\users\gabri\onedrive\documents\up_docs\school\cpp projects school\gdgrap\gdphysx\x64\release\directionallight.obj
c:\users\gabri\onedrive\documents\up_docs\school\cpp projects school\gdgrap\gdphysx\x64\release\anchorspring.obj
c:\users\gabri\onedrive\documents\up_docs\school\cpp projects school\gdgrap\gdphysx\x64\release\particleobject.obj
c:\users\gabri\onedrive\documents\up_docs\school\cpp projects school\gdgrap\gdphysx\x64\release\physicshandler.obj
c:\users\gabri\onedrive\documents\up_docs\school\cpp projects school\gdgrap\gdphysx\x64\release\vectorparameter.obj
c:\users\gabri\onedrive\documents\up_docs\school\cpp projects school\gdgrap\gdphysx\x64\release\floatparameter.obj
c:\users\gabri\onedrive\documents\up_docs\school\cpp projects school\gdgrap\gdphysx\x64\release\window.obj
c:\users\gabri\onedrive\documents\up_docs\school\cpp projects school\gdgrap\gdphysx\x64\release\texture.obj
c:\users\gabri\onedrive\documents\up_docs\school\cpp projects school\gdgrap\gdphysx\x64\release\skybox.obj
c:\users\gabri\onedrive\documents\up_docs\school\cpp projects school\gdgrap\gdphysx\x64\release\shader.obj
c:\users\gabri\onedrive\documents\up_docs\school\cpp projects school\gdgrap\gdphysx\x64\release\glad.obj
c:\users\gabri\onedrive\documents\up_docs\school\cpp projects school\gdgrap\gdphysx\x64\release\shaders\lit.frag
c:\users\gabri\onedrive\documents\up_docs\school\cpp projects school\gdgrap\gdphysx\x64\release\shaders\object.vert
c:\users\gabri\onedrive\documents\up_docs\school\cpp projects school\gdgrap\gdphysx\x64\release\3d\djsword.obj
c:\users\gabri\onedrive\documents\up_docs\school\cpp projects school\gdgrap\gdphysx\x64\release\3d\mycube.obj
c:\users\gabri\onedrive\documents\up_docs\school\cpp projects school\gdgrap\gdphysx\x64\release\tex\skybox\uw_bk.jpg
c:\users\gabri\onedrive\documents\up_docs\school\cpp projects school\gdgrap\gdphysx\x64\release\tex\skybox\uw_dn.jpg
c:\users\gabri\onedrive\documents\up_docs\school\cpp projects school\gdgrap\gdphysx\x64\release\tex\skybox\uw_ft.jpg
c:\users\gabri\onedrive\documents\up_docs\school\cpp projects school\gdgrap\gdphysx\x64\release\tex\skybox\uw_lf.jpg
c:\users\gabri\onedrive\documents\up_docs\school\cpp projects school\gdgrap\gdphysx\x64\release\tex\skybox\uw_rt.jpg
c:\users\gabri\onedrive\documents\up_docs\school\cpp projects school\gdgrap\gdphysx\x64\release\tex\skybox\uw_up.jpg
c:\users\gabri\onedrive\documents\up_docs\school\cpp projects school\gdgrap\gdphysx\x64\release\tex\skybox\rainbow_bk.png
c:\users\gabri\onedrive\documents\up_docs\school\cpp projects school\gdgrap\gdphysx\x64\release\tex\skybox\rainbow_dn.png
c:\users\gabri\onedrive\documents\up_docs\school\cpp projects school\gdgrap\gdphysx\x64\release\tex\skybox\rainbow_ft.png
c:\users\gabri\onedrive\documents\up_docs\school\cpp projects school\gdgrap\gdphysx\x64\release\tex\skybox\rainbow_lf.png
c:\users\gabri\onedrive\documents\up_docs\school\cpp projects school\gdgrap\gdphysx\x64\release\tex\skybox\rainbow_rt.png
c:\users\gabri\onedrive\documents\up_docs\school\cpp projects school\gdgrap\gdphysx\x64\release\tex\skybox\rainbow_up.png
c:\users\gabri\onedrive\documents\up_docs\school\cpp projects school\gdgrap\gdphysx\x64\release\shaders\skybox.frag
c:\users\gabri\onedrive\documents\up_docs\school\cpp projects school\gdgrap\gdphysx\x64\release\shaders\skybox.vert
c:\users\gabri\onedrive\documents\up_docs\school\cpp projects school\gdgrap\gdphysx\x64\release\3d\bunny.obj
c:\users\gabri\onedrive\documents\up_docs\school\cpp projects school\gdgrap\gdphysx\x64\release\shaders\camshader.frag
c:\users\gabri\onedrive\documents\up_docs\school\cpp projects school\gdgrap\gdphysx\x64\release\shaders\camshader.vert
c:\users\gabri\onedrive\documents\up_docs\school\cpp projects school\gdgrap\gdphysx\x64\release\shaders\depth.frag
c:\users\gabri\onedrive\documents\up_docs\school\cpp projects school\gdgrap\gdphysx\x64\release\3d\sphere.obj
c:\users\gabri\onedrive\documents\up_docs\school\cpp projects school\gdgrap\gdphysx\x64\release\shaders\unlit.frag
c:\users\gabri\onedrive\documents\up_docs\school\cpp projects school\gdgrap\gdphysx\x64\release\3d\plane.obj
c:\users\gabri\onedrive\documents\up_docs\school\cpp projects school\gdgrap\gdphysx\x64\release\gdphysx.exe
c:\users\gabri\onedrive\documents\up_docs\school\cpp projects school\gdgrap\gdphysx\x64\release\gdphysx.pdb
c:\users\gabri\onedrive\documents\up_docs\school\cpp projects school\gdgrap\gdphysx\x64\release\gdphysx.ipdb
c:\users\gabri\onedrive\documents\up_docs\school\cpp projects school\gdgrap\gdphysx\x64\release\gdphysx.iobj
c:\users\gabri\onedrive\documents\up_docs\school\cpp projects school\gdgrap\gdphysx\x64\release\gdphysx.tlog\cl.command.1.tlog
c:\users\gabri\onedrive\documents\up_docs\school\cpp projects school\gdgrap\gdphysx\x64\release\gdphysx.tlog\cl.read.1.tlog
c:\users\gabri\onedrive\documents\up_docs\school\cpp projects school\gdgrap\gdphysx\x64\release\gdphysx.tlog\cl.write.1.tlog
c:\users\gabri\onedrive\documents\up_docs\school\cpp projects school\gdgrap\gdphysx\x64\release\gdphysx.tlog\copyfile.command.1.tlog
c:\users\gabri\onedrive\documents\up_docs\school\cpp projects school\gdgrap\gdphysx\x64\release\gdphysx.tlog\copyfile.read.1.tlog
c:\users\gabri\onedrive\documents\up_docs\school\cpp projects school\gdgrap\gdphysx\x64\release\gdphysx.tlog\copyfile.write.1.tlog
c:\users\gabri\onedrive\documents\up_docs\school\cpp projects school\gdgrap\gdphysx\x64\release\gdphysx.tlog\link.command.1.tlog
c:\users\gabri\onedrive\documents\up_docs\school\cpp projects school\gdgrap\gdphysx\x64\release\gdphysx.tlog\link.read.1.tlog
c:\users\gabri\onedrive\documents\up_docs\school\cpp projects school\gdgrap\gdphysx\x64\release\gdphysx.tlog\link.write.1.tlog
c:\users\gabri\onedrive\documents\up_docs\school\cpp projects school\gdgrap\gdphysx\x64\release\gdphysx.tlog\link.write.2u.tlog
